MongoDB connected: digitalheroes
Digital Heroes API running on http://localhost:5000
[0mPOST /api/auth/login [33m401[0m 108.075 ms - 284[0m
[0mPOST /api/auth/login [32m200[0m 699.682 ms - 407[0m
[0mGET /api/admin/subscriptions [33m401[0m 1.722 ms - 1361[0m
[0mPATCH /api/auth/me [32m200[0m 178.380 ms - 416[0m
[0mPOST /api/auth/login [32m200[0m 611.225 ms - 399[0m
[0mGET /api/admin/subscriptions [32m200[0m 198.283 ms - 919[0m
[0mGET /api/admin/analytics [32m200[0m 626.600 ms - 236[0m
[0mGET /api/draws [32m200[0m 57.485 ms - 27[0m
[0mGET /api/charities [32m200[0m 61.347 ms - 409[0m
[0mGET /api/draws [36m304[0m 42.022 ms - -[0m
[0mGET /api/charities [36m304[0m 43.765 ms - -[0m
[0mPOST /api/auth/login [32m200[0m 630.253 ms - 407[0m
[0mGET /api/dashboard/me [32m200[0m 113.098 ms - 696[0m
[0mGET /api/charities [36m304[0m 78.136 ms - -[0m
[0mGET /api/draws [36m304[0m 45.650 ms - -[0m
[0mGET /api/charities [36m304[0m 47.593 ms - -[0m
[0mGET /api/draws [36m304[0m 49.288 ms - -[0m
[0mGET /api/charities [36m304[0m 44.777 ms - -[0m
[0mGET /api/charities [36m304[0m 160.256 ms - -[0m
[0mPOST /api/auth/login [32m200[0m 594.215 ms - 399[0m
[0mGET /api/dashboard/me [32m200[0m 159.778 ms - 695[0m
[0mGET /api/admin/analytics [0m-[0m - ms - -[0m
[0mGET /api/admin/users [0m-[0m - ms - -[0m
[0mGET /api/admin/subscriptions [0m-[0m - ms - -[0m
[0mGET /api/charities [32m200[0m 56.295 ms - 409[0m
[0mGET /api/draws [32m200[0m 56.900 ms - 27[0m
[0mGET /api/draws [36m304[0m 70.611 ms - -[0m
[0mGET /api/charities [36m304[0m 114.319 ms - -[0m
[0mGET /api/draws [32m200[0m 83.047 ms - 27[0m
[0mGET /api/charities [32m200[0m 100.468 ms - 409[0m
[0mGET /api/draws [36m304[0m 67.043 ms - -[0m
[0mGET /api/charities [36m304[0m 105.738 ms - -[0m
[0mGET /api/draws [36m304[0m 52.051 ms - -[0m
[0mGET /api/charities [36m304[0m 93.694 ms - -[0m
[0mGET /api/draws [36m304[0m 69.971 ms - -[0m
[0mGET /api/charities [36m304[0m 99.054 ms - -[0m
[0mPOST /api/auth/login [32m200[0m 598.961 ms - 407[0m
[0mGET /api/dashboard/me [32m200[0m 114.074 ms - 696[0m
[0mGET /api/charities [36m304[0m 47.818 ms - -[0m
[0mGET /api/charities [36m304[0m 99.763 ms - -[0m
[0mGET /api/draws [32m200[0m 55.315 ms - 27[0m
[0mGET /api/charities [32m200[0m 63.411 ms - 409[0m
[0mGET /api/draws [36m304[0m 49.395 ms - -[0m
[0mGET /api/charities [36m304[0m 58.636 ms - -[0m
[0mGET /api/charities [36m304[0m 71.868 ms - -[0m
[0mGET /api/draws [36m304[0m 77.617 ms - -[0m
[0mGET /api/charities [36m304[0m 45.099 ms - -[0m
[0mGET /api/draws [36m304[0m 46.221 ms - -[0m
[0mPOST /api/auth/login [32m200[0m 548.948 ms - 407[0m
[0mGET /api/dashboard/me [32m200[0m 119.077 ms - 696[0m
[0mGET /api/charities [36m304[0m 54.030 ms - -[0m
[0mGET /api/draws [36m304[0m 68.715 ms - -[0m
[0mGET /api/charities [36m304[0m 59.378 ms - -[0m
[0mGET /api/draws [36m304[0m 45.986 ms - -[0m
[0mGET /api/charities [36m304[0m 49.179 ms - -[0m
[0mGET /api/charities [36m304[0m 206.003 ms - -[0m
[0mPOST /api/auth/login [32m200[0m 591.723 ms - 399[0m
[0mGET /api/dashboard/me [32m200[0m 149.844 ms - 695[0m
[0mGET /api/admin/analytics [0m-[0m - ms - -[0m
[0mGET /api/admin/subscriptions [0m-[0m - ms - -[0m
[0mGET /api/admin/users [0m-[0m - ms - -[0m
[0mGET /api/draws [32m200[0m 108.128 ms - 27[0m
[0mGET /api/charities [32m200[0m 152.139 ms - 409[0m
[0mGET /api/charities [36m304[0m 96.748 ms - -[0m
[0mGET /api/draws [36m304[0m 139.150 ms - -[0m
[0mGET /api/charities [36m304[0m 50.958 ms - -[0m
[0mGET /api/draws [36m304[0m 48.984 ms - -[0m
[0mGET /api/charities [36m304[0m 57.301 ms - -[0m
[0mGET /api/draws [36m304[0m 94.923 ms - -[0m
[0mGET /api/draws [36m304[0m 69.775 ms - -[0m
[0mGET /api/charities [32m200[0m 77.925 ms - 409[0m
[0mGET /api/draws [36m304[0m 132.104 ms - -[0m
[0mGET /api/charities [36m304[0m 129.436 ms - -[0m
[0mPOST /api/auth/login [32m200[0m 680.388 ms - 407[0m
[0mGET /api/dashboard/me [32m200[0m 148.229 ms - 696[0m
[0mGET /api/charities [36m304[0m 58.742 ms - -[0m
[0mGET /api/charities [36m304[0m 42.672 ms - -[0m
[0mGET /api/subscriptions/payments [32m200[0m 131.927 ms - 656[0m
[0mGET /api/subscriptions/payments [36m304[0m 91.520 ms - -[0m
[0mGET /api/charities [36m304[0m 76.634 ms - -[0m
[0mGET /api/charities [36m304[0m 46.776 ms - -[0m
[0mGET /api/draws [36m304[0m 84.317 ms - -[0m
[0mGET /api/draws [36m304[0m 48.858 ms - -[0m
[0mGET /api/winners/me [36m304[0m 267.169 ms - -[0m
[0mGET /api/winners/me [36m304[0m 101.902 ms - -[0m
[0mGET /api/dashboard/me [36m304[0m 127.771 ms - -[0m
[0mGET /api/dashboard/me [36m304[0m 123.840 ms - -[0m
[0mGET /api/dashboard/me [36m304[0m 106.806 ms - -[0m
[0mGET /api/dashboard/me [36m304[0m 149.091 ms - -[0m
[0mGET /api/draws [36m304[0m 83.870 ms - -[0m
[0mGET /api/charities [36m304[0m 88.617 ms - -[0m
[0mGET /api/draws [36m304[0m 48.368 ms - -[0m
[0mGET /api/charities [36m304[0m 49.919 ms - -[0m
